PM dir open error: No such file or directory
ldap_search_ext_s: No such object
Firmata message format error!
: Resource temporarily unavailable
ldap_search_ext_s: Invalid DN syntax
Firmata message format error!
: Resource temporarily unavailable
ldap_search_ext_s: No such object
Firmata message format error!
: Resource temporarily unavailable
Firmata message format error!
: Resource temporarily unavailable
ldap_search_ext_s: Invalid DN syntax
Firmata message format error!
: Resource temporarily unavailable
ldap_search_ext_s: Invalid DN syntax
Firmata message format error!
: Resource temporarily unavailable
ldap_search_ext_s: Invalid DN syntax
Firmata message format error!
: Resource temporarily unavailable
Firmata message format error!
: Resource temporarily unavailable
ldap_search_ext_s: Invalid DN syntax
Firmata message format error!
: Resource temporarily unavailable
ldap_search_ext_s: No such object
Firmata message format error!
: Resource temporarily unavailable
Firmata message format error!
: Resource temporarily unavailable
ldap_search_ext_s: Invalid DN syntax
Firmata message format error!
: Resource temporarily unavailable
ldap_search_ext_s: Invalid DN syntax
